Build started 12/20/2015 2:17:44 PM.
     1>Project "C:\Users\Elias\Documents\Visual Studio 2015\Projects\wowibottihookdll\wowibottihookdll\wowibottihookdll.vcxproj" on node 2 (Rebuild target(s)).
     1>ClCompile:
         C:\Program Files (x86)\Microsoft Visual Studio 14.0\VC\bin\CL.exe /c /Zi /nologo /W3 /WX- /O2 /Oi /Oy- /GL /D WIN32 /D NDEBUG /D _WINDOWS /D _USRDLL /D WOWIBOTTIHOOKDLL_EXPORTS /D _WINDLL /Gm- /EHsc /MD /GS /Gy /fp:precise /Zc:wchar_t /Zc:forScope /Zc:inline /Fo"Release\\" /Fd"Release\vc140.pdb" /Gd /TP /analyze- /errorReport:prompt dllmain.cpp hooks.cpp ObjectManager.cpp window.cpp
         dllmain.cpp
     1>dllmain.cpp(107): warning C4996: 'fopen': This function or variable may be unsafe. Consider using fopen_s instead. To disable deprecation, use _CRT_SECURE_NO_WARNINGS. See online help for details.
         C:\Program Files (x86)\Windows Kits\10\Include\10.0.10150.0\ucrt\stdio.h(205): note: see declaration of 'fopen'
     1>dllmain.cpp(175): warning C4244: 'argument': conversion from 'double' to 'float', possible loss of data
     1>dllmain.cpp(225): warning C4305: 'initializing': truncation from 'double' to 'float'
     1>dllmain.cpp(468): warning C4996: 'freopen': This function or variable may be unsafe. Consider using freopen_s instead. To disable deprecation, use _CRT_SECURE_NO_WARNINGS. See online help for details.
         C:\Program Files (x86)\Windows Kits\10\Include\10.0.10150.0\ucrt\stdio.h(240): note: see declaration of 'freopen'
         hooks.cpp
         ObjectManager.cpp
         window.cpp
       Link:
         C:\Program Files (x86)\Microsoft Visual Studio 14.0\VC\bin\link.exe /ERRORREPORT:PROMPT /OUT:"C:\Users\Elias\Documents\Visual Studio 2015\Projects\wowibottihookdll\Release\wowibottihookdll.dll" /INCREMENTAL:NO /NOLOGO kernel32.lib user32.lib gdi32.lib winspool.lib comdlg32.lib advapi32.lib shell32.lib ole32.lib oleaut32.lib uuid.lib odbc32.lib odbccp32.lib Comctl32.lib D3D9.lib kernel32.lib user32.lib gdi32.lib winspool.lib comdlg32.lib advapi32.lib shell32.lib ole32.lib oleaut32.lib uuid.lib odbc32.lib odbccp32.lib /MANIFEST /MANIFESTUAC:"level='asInvoker' uiAccess='false'" /manifest:embed /Debug /PDB:"C:\Users\Elias\Documents\Visual Studio 2015\Projects\wowibottihookdll\Release\wowibottihookdll.pdb" /SUBSYSTEM:WINDOWS /OPT:REF /OPT:ICF /LTCG:incremental /TLBID:1 /DYNAMICBASE /NXCOMPAT /IMPLIB:"C:\Users\Elias\Documents\Visual Studio 2015\Projects\wowibottihookdll\Release\wowibottihookdll.lib" /MACHINE:X86 /SAFESEH /DLL Release\dllmain.obj
         Release\hooks.obj
         Release\ObjectManager.obj
         Release\window.obj
         Generating code
     1>c:\users\elias\documents\visual studio 2015\projects\wowibottihookdll\wowibottihookdll\hooks.cpp(236): warning C4715: 'uninstall_hook': not all control paths return a value
     1>c:\users\elias\documents\visual studio 2015\projects\wowibottihookdll\wowibottihookdll\hooks.cpp(222): warning C4715: 'install_hook': not all control paths return a value
         All 161 functions were compiled because no usable IPDB/IOBJ from previous compilation was found.
         Finished generating code
         wowibottihookdll.vcxproj -> C:\Users\Elias\Documents\Visual Studio 2015\Projects\wowibottihookdll\Release\wowibottihookdll.dll
     1>Done Building Project "C:\Users\Elias\Documents\Visual Studio 2015\Projects\wowibottihookdll\wowibottihookdll\wowibottihookdll.vcxproj" (Rebuild target(s)).

Build succeeded.

Time Elapsed 00:00:03.02
